#XSPEC version: 12.8.2
#Build Date/Time: Mon Sep 29 12:36:32 2014
#
!XSPEC12>statistic cstat;
#Default fit statistic is set to: C-Statistic
#   This will apply to all current and newly loaded spectra.
#
!XSPEC12>abund feld;
# Solar Abundance Vector set to feld:  Feldman U. Physica Scripta 46, 202 (1992) (abundances not included in this paper are set to grsa).
#
!XSPEC12>method leven 100 0.01;
#
!XSPEC12>xsect vern;
# Cross Section Table set to vern:  Verner, Ferland, Korista, and Yakovlev 1996
#
!XSPEC12>cosmo 70 0 0.7;
#
!XSPEC12>query yes;
#
!XSPEC12>setp energy;
#
!XSPEC12>setplot energy
#
!XSPEC12>setp command rescale x 0.5 7.0;
#
!XSPEC12>setplot command rescale x 0.5 7.0
#
!XSPEC12>da 1:1 1655_bin5_grp1.pi;
#
!XSPEC12>data 1:1 1655_bin5_grp1.pi
#
#1 spectrum  in use
# 
#Spectral Data File: 1655_bin5_grp1.pi  Spectrum 1
#Net count rate (cts/s) for Spectrum:1  9.131e-02 +/- 2.774e-03 (70.2 % total)
# Assigned to Data Group 1 and Plot Group 1
#  Noticed Channels:  1-743
#  Telescope: CHANDRA Instrument: ACIS  Channel Type: PI
#  Exposure Time: 1.706e+04 sec
# Using fit statistic: cstat
# Using test statistic: chi
# Using Background File                1655_bin5_bkg.pi
#  Background Exposure Time: 4.15e+05 sec
# Using Response (RMF) File            1655_bin5.rmf for Source 1
# Using Auxiliary Response (ARF) File  1655_bin5.arf
#
#
!XSPEC12>da 2:2 4200_bin5_grp1.pi;
#
!XSPEC12>data 2:2 4200_bin5_grp1.pi
#
#2 spectra  in use
# 
#Spectral Data File: 4200_bin5_grp1.pi  Spectrum 2
#Net count rate (cts/s) for Spectrum:2  3.770e-02 +/- 1.036e-03 (63.0 % total)
# Assigned to Data Group 2 and Plot Group 2
#  Noticed Channels:  1-821
#  Telescope: CHANDRA Instrument: ACIS  Channel Type: PI
#  Exposure Time: 5.802e+04 sec
# Using fit statistic: cstat
# Using test statistic: chi
# Using Background File                4200_bin5_bkg.pi
#  Background Exposure Time: 4.15e+05 sec
# Using Response (RMF) File            4200_bin5.rmf for Source 1
# Using Auxiliary Response (ARF) File  4200_bin5.arf
#
#
!XSPEC12>da 3:3 16235_bin5_grp1.pi;
#
!XSPEC12>data 3:3 16235_bin5_grp1.pi
#
#3 spectra  in use
# 
#Spectral Data File: 16235_bin5_grp1.pi  Spectrum 3
#Net count rate (cts/s) for Spectrum:3  4.031e-02 +/- 1.199e-03 (45.6 % total)
# Assigned to Data Group 3 and Plot Group 3
#  Noticed Channels:  1-966
#  Telescope: CHANDRA Instrument: ACIS  Channel Type: PI
#  Exposure Time: 6.837e+04 sec
# Using fit statistic: cstat
# Using test statistic: chi
# Using Background File                16235_bin5_bkg.pi
#  Background Exposure Time: 2.404e+05 sec
# Using Response (RMF) File            16235_bin5.rmf for Source 1
# Using Auxiliary Response (ARF) File  16235_bin5.arf
#
#
!XSPEC12>da 4:4 16305_bin5_grp1.pi;
#
!XSPEC12>data 4:4 16305_bin5_grp1.pi
#
#4 spectra  in use
# 
#Spectral Data File: 16305_bin5_grp1.pi  Spectrum 4
#Net count rate (cts/s) for Spectrum:4  3.608e-02 +/- 8.874e-04 (56.4 % total)
# Assigned to Data Group 4 and Plot Group 4
#  Noticed Channels:  1-949
#  Telescope: CHANDRA Instrument: ACIS  Channel Type: PI
#  Exposure Time: 9.042e+04 sec
# Using fit statistic: cstat
# Using test statistic: chi
# Using Background File                16305_bin5_bkg.pi
#  Background Exposure Time: 2.404e+05 sec
# Using Response (RMF) File            16305_bin5.rmf for Source 1
# Using Auxiliary Response (ARF) File  16305_bin5.arf
#
#
!XSPEC12>ig 1-7:**-0.5,7.0-**;
#
!XSPEC12>ignore 1-7:**-0.5,7.0-**
#    19 channels (1-19) ignored in spectrum #     1
#    16 channels (1-16) ignored in spectrum #     2
#    17 channels (1-17) ignored in spectrum #     3
#    18 channels (1-18) ignored in spectrum #     4
#   376 channels (368-743) ignored in spectrum #     1
#   383 channels (439-821) ignored in spectrum #     2
#   506 channels (461-966) ignored in spectrum #     3
#   491 channels (459-949) ignored in spectrum #     4
#
#
!XSPEC12>ig 1:**-0.7;
#
!XSPEC12>ignore 1:**-0.7
#    32 channels (1-32) ignored in spectrum #     1
#
#
!XSPEC12>ig bad;
#
!XSPEC12>ignore bad
#
#ignore:     1 channels ignored from  source number 3
#ignore:    55 channels ignored from  source number 4
#ignore:     0 channels ignored from  source number 1
#ignore:    24 channels ignored from  source number 2
#
!XSPEC12>model apec + (apec + pow + apec) * phabs  ;  0.107360    -0.001        0.008    0.008      64      64  ;  1.0         -0.01             0        0       5       5  ;  0.0         -0.01             0        0       2       2  ;  6.77339E-07 -0.001            0        0    1e24    1e24  ;  0.625630    -0.01         0.008    0.008      64      64  ;  1.0         -0.01             0        0       5       5  ;  0.0         -0.01             0        0       2       2  ;  3.14169E-07 -0.001            0        0    1e24    1e24  ;  1.41        -0.01            -5       -5       5       5  ;  9.69394E-07 -0.01             0        0    1e24    1e24  ;  10.0         0.01         0.008    0.008      64      64  ;  0.21        -0.01             0        0       5       5  ;  0.5458      -0.01             0        0       2       2  ;  5e-4         0.001            0        0    1e24    1e24  ;  8.4e-2      -0.001            0        0       1       1  ;  =1  ;  =2  ;  =3  ;  =4  ;  =5  ;  =6  ;  =7  ;  =8  ;  =9  ;  7.03206E-07 -0.01             0        0    1e24    1e24  ;  =11  ;  =12  ;  =13  ;  =14  ;  =15  ;  =1  ;  =2  ;  =3  ;  =4  ;  =5  ;  =6  ;  =7  ;  =8  ;  =9  ;  4.26007E-07 -0.01             0        0    1e24    1e24  ;  =11  ;  =12  ;  =13  ;  =14  ;  =15  ;  =1  ;  =2  ;  =3  ;  =4  ;  =5  ;  =6  ;  =7  ;  =8  ;  =9  ;  4.15823E-07 -0.01             0        0    1e24    1e24  ;  =11  ;  =12  ;  =13  ;  =14  ;  =15;
#
#========================================================================
#Model apec<1> + (apec<2> + powerlaw<3> + apec<4>)phabs<5> Source No.: 1   Active/On
#Model Model Component  Parameter  Unit     Value
# par  comp
#                           Data group: 1
#   1    1   apec       kT         keV      0.107360     frozen
#   2    1   apec       Abundanc            1.00000      frozen
#   3    1   apec       Redshift            0.0          frozen
#   4    1   apec       norm                6.77339E-07  frozen
#   5    2   apec       kT         keV      0.625630     frozen
#   6    2   apec       Abundanc            1.00000      frozen
#   7    2   apec       Redshift            0.0          frozen
#   8    2   apec       norm                3.14169E-07  frozen
#   9    3   powerlaw   PhoIndex            1.41000      frozen
#  10    3   powerlaw   norm                9.69394E-07  frozen
#  11    4   apec       kT         keV      10.0000      +/-  0.0          
#  12    4   apec       Abundanc            0.210000     frozen
#  13    4   apec       Redshift            0.545800     frozen
#  14    4   apec       norm                5.00000E-04  +/-  0.0          
#  15    5   phabs      nH         10^22    8.40000E-02  frozen
#                           Data group: 2
#  16    1   apec       kT         keV      0.107360     = 1
#  17    1   apec       Abundanc            1.00000      = 2
#  18    1   apec       Redshift            0.0          = 3
#  19    1   apec       norm                6.77339E-07  = 4
#  20    2   apec       kT         keV      0.625630     = 5
#  21    2   apec       Abundanc            1.00000      = 6
#  22    2   apec       Redshift            0.0          = 7
#  23    2   apec       norm                3.14169E-07  = 8
#  24    3   powerlaw   PhoIndex            1.41000      = 9
#  25    3   powerlaw   norm                7.03206E-07  frozen
#  26    4   apec       kT         keV      10.0000      = 11
#  27    4   apec       Abundanc            0.210000     = 12
#  28    4   apec       Redshift            0.545800     = 13
#  29    4   apec       norm                5.00000E-04  = 14
#  30    5   phabs      nH         10^22    8.40000E-02  = 15
#                           Data group: 3
#  31    1   apec       kT         keV      0.107360     = 1
#  32    1   apec       Abundanc            1.00000      = 2
#  33    1   apec       Redshift            0.0          = 3
#  34    1   apec       norm                6.77339E-07  = 4
#  35    2   apec       kT         keV      0.625630     = 5
#  36    2   apec       Abundanc            1.00000      = 6
#  37    2   apec       Redshift            0.0          = 7
#  38    2   apec       norm                3.14169E-07  = 8
#  39    3   powerlaw   PhoIndex            1.41000      = 9
#  40    3   powerlaw   norm                4.26007E-07  frozen
#  41    4   apec       kT         keV      10.0000      = 11
#  42    4   apec       Abundanc            0.210000     = 12
#  43    4   apec       Redshift            0.545800     = 13
#  44    4   apec       norm                5.00000E-04  = 14
#  45    5   phabs      nH         10^22    8.40000E-02  = 15
#                           Data group: 4
#  46    1   apec       kT         keV      0.107360     = 1
#  47    1   apec       Abundanc            1.00000      = 2
#  48    1   apec       Redshift            0.0          = 3
#  49    1   apec       norm                6.77339E-07  = 4
#  50    2   apec       kT         keV      0.625630     = 5
#  51    2   apec       Abundanc            1.00000      = 6
#  52    2   apec       Redshift            0.0          = 7
#  53    2   apec       norm                3.14169E-07  = 8
#  54    3   powerlaw   PhoIndex            1.41000      = 9
#  55    3   powerlaw   norm                4.15823E-07  frozen
#  56    4   apec       kT         keV      10.0000      = 11
#  57    4   apec       Abundanc            0.210000     = 12
#  58    4   apec       Redshift            0.545800     = 13
#  59    4   apec       norm                5.00000E-04  = 14
#  60    5   phabs      nH         10^22    8.40000E-02  = 15
#________________________________________________________________________
#
#
#Fit statistic : C-Statistic =       39934.40 using 1640 PHA bins and 1638 degrees of freedom.
#
#Test statistic : Chi-Squared =       135603.2 using 1640 PHA bins.
# Reduced chi-squared =       82.78584 for   1638 degrees of freedom 
# Null hypothesis probability =   0.000000e+00
# Current data and model not fit yet.
#
!XSPEC12>renorm;
#
#Fit statistic : C-Statistic =       39934.40 using 1640 PHA bins and 1638 degrees of freedom.
#
#Test statistic : Chi-Squared =       135603.2 using 1640 PHA bins.
# Reduced chi-squared =       82.78584 for   1638 degrees of freedom 
# Null hypothesis probability =   0.000000e+00
# Current data and model not fit yet.
#
!XSPEC12>fit 1000 1e-2;
#                                   Parameters
#C-Statistic  |beta|/N    Lvl         11:kT       14:norm
#5007.6       3.25616e+07  -3       40.9465   3.76109e-05
#4330.14      3.15702e+07  -4       13.3578   3.83322e-05
#3114.97      3.0535e+07   -5       5.96911   5.39533e-05
#2351.38      1.84413e+07  -6       4.30471   7.66058e-05
#1981.48      8.46336e+06  -7       4.51038   8.93810e-05
#1814.98      4.00032e+06  -8       5.14640   9.26381e-05
#1734.36      2.29873e+06  -9       5.89248   9.14177e-05
#1670.46      1.98864e+06 -10       6.66473   9.15536e-05
#1637.84      1.36378e+06 -11       7.45259   9.06076e-05
#1608.3       1.27714e+06 -12       8.30543   9.09065e-05
#1594.26      804424      -13       9.08738   9.04892e-05
#1583.06      722382      -14       9.93990   9.08255e-05
#1576.89      457835      -15       10.6446   9.08441e-05
#1574.67      319800      -16       11.1615   9.08181e-05
#1572.55      345288      -17       11.7425   9.15759e-05
#1571.46      191254      -18       12.2141   9.19964e-05
#1570.9       132702      -19       12.5563   9.22893e-05
#1570.61      94487.4     -20       12.8006   9.24970e-05
#1570.47      67722.3     -21       12.9748   9.26460e-05
#1570.39      48375       -22       13.0992   9.27524e-05
#1570.35      34577.2     -23       13.1876   9.28282e-05
#1570.34      24735.6     -24       13.2508   9.28824e-05
#1570.33      17670.5     -25       13.2958   9.29210e-05
#==============================
# Variances and Principal Axes
#                11       14  
# 4.7193E-01| -1.0000   0.0000  
# 1.1678E-12| -0.0000  -1.0000  
#------------------------------
#
#========================
#  Covariance Matrix
#        1           2   
#   4.719e-01  -2.736e-08
#  -2.736e-08   1.169e-12
#------------------------
#
#========================================================================
#Model apec<1> + (apec<2> + powerlaw<3> + apec<4>)phabs<5> Source No.: 1   Active/On
#Model Model Component  Parameter  Unit     Value
# par  comp
#                           Data group: 1
#   1    1   apec       kT         keV      0.107360     frozen
#   2    1   apec       Abundanc            1.00000      frozen
#   3    1   apec       Redshift            0.0          frozen
#   4    1   apec       norm                6.77339E-07  frozen
#   5    2   apec       kT         keV      0.625630     frozen
#   6    2   apec       Abundanc            1.00000      frozen
#   7    2   apec       Redshift            0.0          frozen
#   8    2   apec       norm                3.14169E-07  frozen
#   9    3   powerlaw   PhoIndex            1.41000      frozen
#  10    3   powerlaw   norm                9.69394E-07  frozen
#  11    4   apec       kT         keV      13.2958      +/-  0.686973     
#  12    4   apec       Abundanc            0.210000     frozen
#  13    4   apec       Redshift            0.545800     frozen
#  14    4   apec       norm                9.29210E-05  +/-  1.08139E-06  
#  15    5   phabs      nH         10^22    8.40000E-02  frozen
#                           Data group: 2
#  16    1   apec       kT         keV      0.107360     = 1
#  17    1   apec       Abundanc            1.00000      = 2
#  18    1   apec       Redshift            0.0          = 3
#  19    1   apec       norm                6.77339E-07  = 4
#  20    2   apec       kT         keV      0.625630     = 5
#  21    2   apec       Abundanc            1.00000      = 6
#  22    2   apec       Redshift            0.0          = 7
#  23    2   apec       norm                3.14169E-07  = 8
#  24    3   powerlaw   PhoIndex            1.41000      = 9
#  25    3   powerlaw   norm                7.03206E-07  frozen
#  26    4   apec       kT         keV      13.2958      = 11
#  27    4   apec       Abundanc            0.210000     = 12
#  28    4   apec       Redshift            0.545800     = 13
#  29    4   apec       norm                9.29210E-05  = 14
#  30    5   phabs      nH         10^22    8.40000E-02  = 15
#                           Data group: 3
#  31    1   apec       kT         keV      0.107360     = 1
#  32    1   apec       Abundanc            1.00000      = 2
#  33    1   apec       Redshift            0.0          = 3
#  34    1   apec       norm                6.77339E-07  = 4
#  35    2   apec       kT         keV      0.625630     = 5
#  36    2   apec       Abundanc            1.00000      = 6
#  37    2   apec       Redshift            0.0          = 7
#  38    2   apec       norm                3.14169E-07  = 8
#  39    3   powerlaw   PhoIndex            1.41000      = 9
#  40    3   powerlaw   norm                4.26007E-07  frozen
#  41    4   apec       kT         keV      13.2958      = 11
#  42    4   apec       Abundanc            0.210000     = 12
#  43    4   apec       Redshift            0.545800     = 13
#  44    4   apec       norm                9.29210E-05  = 14
#  45    5   phabs      nH         10^22    8.40000E-02  = 15
#                           Data group: 4
#  46    1   apec       kT         keV      0.107360     = 1
#  47    1   apec       Abundanc            1.00000      = 2
#  48    1   apec       Redshift            0.0          = 3
#  49    1   apec       norm                6.77339E-07  = 4
#  50    2   apec       kT         keV      0.625630     = 5
#  51    2   apec       Abundanc            1.00000      = 6
#  52    2   apec       Redshift            0.0          = 7
#  53    2   apec       norm                3.14169E-07  = 8
#  54    3   powerlaw   PhoIndex            1.41000      = 9
#  55    3   powerlaw   norm                4.15823E-07  frozen
#  56    4   apec       kT         keV      13.2958      = 11
#  57    4   apec       Abundanc            0.210000     = 12
#  58    4   apec       Redshift            0.545800     = 13
#  59    4   apec       norm                9.29210E-05  = 14
#  60    5   phabs      nH         10^22    8.40000E-02  = 15
#________________________________________________________________________
#
#
#Fit statistic : C-Statistic =        1570.33 using 1640 PHA bins and 1638 degrees of freedom.
#
#Test statistic : Chi-Squared =        1955.46 using 1640 PHA bins.
# Reduced chi-squared =        1.19381 for   1638 degrees of freedom 
# Null hypothesis probability =   8.231916e-08
#
!XSPEC12>error 2.706 11,14 ;
# Parameter   Confidence Range (2.706)
#    11      11.4735      16.2062    (-1.85441,2.87832)
#    14  9.07687e-05   9.5208e-05    (-2.17989e-06,2.25943e-06)
#
!XSPEC12>quit;
#
!XSPEC12>::tclreadline::readline write /home/gogrean/.xspec/xspec.hty
# XSPEC: quit
#
!XSPEC12>tclexit
#